# JRE version: OpenJDK Runtime Environment (11.0.2+9) (build 11.0.2+9)
# Java VM: OpenJDK 64-Bit Server VM (11.0.2+9, mixed mode, tiered, compressed oops, g1 gc, windows-amd64)
Heap:
 garbage-first heap   total 264192K, used 152895K [0x0000000740000000, 0x0000000800000000)
  region size 1024K, 26 young (26624K), 1 survivors (1024K)
 Metaspace       used 108111K, capacity 109966K, committed 111824K, reserved 1144832K
  class space    used 15503K, capacity 16283K, committed 17024K, reserved 1048576K
GC Heap History (10 events):
Event: 10577.618 GC heap before
{Heap before GC invocations=376 (full 28):
 garbage-first heap   total 264192K, used 129133K [0x0000000740000000, 0x0000000800000000)
  region size 1024K, 3 young (3072K), 1 survivors (1024K)
 Metaspace       used 108063K, capacity 109901K, committed 111824K, reserved 1144832K
  class space    used 15503K, capacity 16283K, committed 17024K, reserved 1048576K
}
Event: 10577.619 GC heap after
{Heap after GC invocations=377 (full 28):
 garbage-first heap   total 264192K, used 128113K [0x0000000740000000, 0x0000000800000000)
  region size 1024K, 1 young (1024K), 1 survivors (1024K)
 Metaspace       used 108063K, capacity 109901K, committed 111824K, reserved 1144832K
  class space    used 15503K, capacity 16283K, committed 17024K, reserved 1048576K
}
Event: 10578.875 GC heap before
{Heap before GC invocations=378 (full 28):
 garbage-first heap   total 264192K, used 129137K [0x0000000740000000, 0x0000000800000000)
  region size 1024K, 3 young (3072K), 1 survivors (1024K)
 Metaspace       used 108075K, capacity 109901K, committed 111824K, reserved 1144832K
  class space    used 15503K, capacity 16283K, committed 17024K, reserved 1048576K
}
Event: 10578.877 GC heap after
{Heap after GC invocations=379 (full 28):
 garbage-first heap   total 264192K, used 128120K [0x0000000740000000, 0x0000000800000000)
  region size 1024K, 1 young (1024K), 1 survivors (1024K)
 Metaspace       used 108075K, capacity 109901K, committed 111824K, reserved 1144832K
  class space    used 15503K, capacity 16283K, committed 17024K, reserved 1048576K
}
Event: 10578.886 GC heap before
{Heap before GC invocations=379 (full 28):
 garbage-first heap   total 264192K, used 131192K [0x0000000740000000, 0x0000000800000000)
  region size 1024K, 2 young (2048K), 1 survivors (1024K)
 Metaspace       used 108076K, capacity 109901K, committed 111824K, reserved 1144832K
  class space    used 15503K, capacity 16283K, committed 17024K, reserved 1048576K
}
Event: 10578.957 GC heap after
{Heap after GC invocations=380 (full 29):
 garbage-first heap   total 264192K, used 124981K [0x0000000740000000, 0x0000000800000000)
  region size 1024K, 0 young (0K), 0 survivors (0K)
 Metaspace       used 108076K, capacity 109901K, committed 111824K, reserved 1144832K
  class space    used 15503K, capacity 16283K, committed 17024K, reserved 1048576K
}
Event: 10580.093 GC heap before
{Heap before GC invocations=380 (full 29):
 garbage-first heap   total 264192K, used 154677K [0x0000000740000000, 0x0000000800000000)
  region size 1024K, 30 young (30720K), 0 survivors (0K)
 Metaspace       used 108087K, capacity 109902K, committed 111824K, reserved 1144832K
  class space    used 15503K, capacity 16283K, committed 17024K, reserved 1048576K
}
Event: 10580.095 GC heap after
{Heap after GC invocations=381 (full 29):
 garbage-first heap   total 264192K, used 125292K [0x0000000740000000, 0x0000000800000000)
  region size 1024K, 1 young (1024K), 1 survivors (1024K)
 Metaspace       used 108087K, capacity 109902K, committed 111824K, reserved 1144832K
  class space    used 15503K, capacity 16283K, committed 17024K, reserved 1048576K
}
Event: 10580.862 GC heap before
{Heap before GC invocations=382 (full 29):
 garbage-first heap   total 264192K, used 144748K [0x0000000740000000, 0x0000000800000000)
  region size 1024K, 18 young (18432K), 1 survivors (1024K)
 Metaspace       used 108088K, capacity 109902K, committed 111824K, reserved 1144832K
  class space    used 15503K, capacity 16283K, committed 17024K, reserved 1048576K
}
Event: 10580.865 GC heap after
{Heap after GC invocations=383 (full 29):
 garbage-first heap   total 264192K, used 128319K [0x0000000740000000, 0x0000000800000000)
  region size 1024K, 1 young (1024K), 1 survivors (1024K)
 Metaspace       used 108088K, capacity 109902K, committed 111824K, reserved 1144832K
  class space    used 15503K, capacity 16283K, committed 17024K, reserved 1048576K
}

